<?xml version="1.0" encoding="UTF-8"?>
<!-- Generated by org.testng.reporters.JUnitReportReporter -->
<testsuite hostname="LAPTOP-N0UDGHET" failures="0" tests="1" name="DriverFactory.AppTest" time="19.298" errors="0" timestamp="2022-01-28T10:35:18 CET" skipped="0">
  <testcase classname="DriverFactory.AppTest" name="kickStart" time="19.298"/>
  <system-out/>
</testsuite> <!-- DriverFactory.AppTest -->
